<?xml version="1.0" encoding="UTF-8"?>
<!-- Generated by org.testng.reporters.JUnitReportReporter -->
<testsuite hostname="EC2AMAZ-EC8CRPV" failures="0" tests="3" name="demo.TestNGPriorityDemo" time="0.010" errors="0" timestamp="2021-11-12T03:57:42 GMT" skipped="0">
  <testcase classname="demo.TestNGPriorityDemo" name="testTwo" time="0.008"/>
  <system-out/>
  <testcase classname="demo.TestNGPriorityDemo" name="testThree" time="0.001"/>
  <system-out/>
  <testcase classname="demo.TestNGPriorityDemo" name="testOne" time="0.001"/>
  <system-out/>
</testsuite> <!-- demo.TestNGPriorityDemo -->
