<?xml version="1.0" encoding="UTF-8"?>
<!-- Generated by org.testng.reporters.JUnitReportReporter -->
<testsuite hostname="EC2AMAZ-EC8CRPV" failures="0" tests="2" name="demo.TestNGGroupingDemo" time="0.011" errors="0" timestamp="2021-11-12T05:28:22 GMT" skipped="0">
  <testcase classname="demo.TestNGGroupingDemo" name="linuxTest1" time="0.009"/>
  <system-out/>
  <testcase classname="demo.TestNGGroupingDemo" name="windowTest1" time="0.002"/>
  <system-out/>
</testsuite> <!-- demo.TestNGGroupingDemo -->
