<?xml version="1.0" encoding="UTF-8"?>
<!-- Generated by org.testng.reporters.JUnitReportReporter -->
<testsuite hostname="EC2AMAZ-EC8CRPV" failures="0" tests="1" name="demo.GoogleSearchPageTest3" time="1.960" errors="0" timestamp="2021-11-12T04:20:01 GMT" skipped="0">
  <testcase classname="demo.GoogleSearchPageTest3" name="test" time="1.960"/>
  <system-out/>
</testsuite> <!-- demo.GoogleSearchPageTest3 -->
