<?xml version="1.0" encoding="UTF-8"?>
<!-- Generated by org.testng.reporters.JUnitReportReporter -->
<testsuite hostname="EC2AMAZ-EC8CRPV" failures="0" tests="4" name="demo.TestNGDependencyDemo" time="0.014" errors="0" timestamp="2021-11-12T07:20:01 GMT" skipped="0">
  <testcase classname="demo.TestNGDependencyDemo" name="test2" time="0.009"/>
  <system-out/>
  <testcase classname="demo.TestNGDependencyDemo" name="test1" time="0.001"/>
  <system-out/>
  <testcase classname="demo.TestNGDependencyDemo" name="test3" time="0.002"/>
  <system-out/>
  <testcase classname="demo.TestNGDependencyDemo" name="test4" time="0.002"/>
  <system-out/>
</testsuite> <!-- demo.TestNGDependencyDemo -->
