<?xml version="1.0" encoding="UTF-8"?>
<!-- Generated by org.testng.reporters.JUnitReportReporter -->
<testsuite hostname="EC2AMAZ-EC8CRPV" failures="0" tests="2" name="demo.TestNGIgnoreDemo" time="0.012" errors="0" timestamp="2021-11-22T04:43:40 GMT" skipped="0">
  <testcase classname="demo.TestNGIgnoreDemo" name="test1" time="0.010"/>
  <system-out/>
  <testcase classname="demo.TestNGIgnoreDemo" name="test3" time="0.002"/>
  <system-out/>
</testsuite> <!-- demo.TestNGIgnoreDemo -->
