<?xml version="1.0" encoding="UTF-8"?>
<!-- Generated by org.testng.reporters.JUnitReportReporter -->
<testsuite hostname="EC2AMAZ-EC8CRPV" failures="0" tests="3" name="demo.TestNGGroupingDemo2" time="0.012" errors="0" timestamp="2021-11-12T05:53:41 GMT" skipped="0">
  <testcase classname="demo.TestNGGroupingDemo2" name="test2" time="0.002"/>
  <system-out/>
  <testcase classname="demo.TestNGGroupingDemo2" name="test3" time="0.001"/>
  <system-out/>
  <testcase classname="demo.TestNGGroupingDemo2" name="test1" time="0.009"/>
  <system-out/>
</testsuite> <!-- demo.TestNGGroupingDemo2 -->
