<?xml version="1.0" encoding="UTF-8"?>
<!-- Generated by org.testng.reporters.JUnitReportReporter -->
<testsuite hostname="EC2AMAZ-EC8CRPV" failures="0" tests="1" name="demo.GoogleSearchPageTest2" time="2.452" errors="0" timestamp="2021-11-25T04:06:11 GMT" skipped="0">
  <testcase classname="demo.GoogleSearchPageTest2" name="test" time="2.452"/>
  <system-out/>
</testsuite> <!-- demo.GoogleSearchPageTest2 -->
