<?xml version="1.0" encoding="UTF-8"?>
<!-- Generated by org.testng.reporters.JUnitReportReporter -->
<testsuite hostname="EC2AMAZ-EC8CRPV" failures="0" tests="1" name="tests.GoogleSearchPageTest" time="2.826" errors="0" timestamp="2021-11-11T05:53:28 GMT" skipped="0">
  <testcase classname="tests.GoogleSearchPageTest" name="test" time="2.826"/>
  <system-out/>
</testsuite> <!-- tests.GoogleSearchPageTest -->
