<?xml version="1.0" encoding="UTF-8"?>
<!-- Generated by org.testng.reporters.JUnitReportReporter -->
<testsuite hostname="EC2AMAZ-EC8CRPV" failures="0" tests="1" name="tests.OrangeHRMLoginTest" time="1.441" errors="0" timestamp="2021-11-11T07:25:30 GMT" skipped="0">
  <testcase classname="tests.OrangeHRMLoginTest" name="test" time="1.441"/>
  <system-out/>
</testsuite> <!-- tests.OrangeHRMLoginTest -->
